Compiling 81 files with 0.8.20
Solc 0.8.20 finished in 7.38s
Compiler run [32msuccessful![0m
Traces:
  [5580807] [32mDeployCapTableFactoryDeployLocalScript[0m::[32mrun[0m()[33m[0m
    â”œâ”€ [0] [32mconsole[0m::[32mlog[0m("Deploying CapTableFactory and CapTable implementation")[33m [staticcall][0m
    â”‚   â””â”€ [32mâ† [0m()
    â”œâ”€ [0] [34mVM[0m::[34mstartBroadcast[0m(<pk>)[33m[0m
    â”‚   â””â”€ [34mâ† [0m()
    â”œâ”€ [4479062] [33mâ†’ [0m[33mnew[0m CapTable@0x5C1CE1D82624Fb2dA765bDFFf40125B5c552A8f1
    â”‚   â”œâ”€ emit [36mInitialized[0m(version: 255)
    â”‚   â””â”€ [32mâ† [0m22252 bytes of code
    â”œâ”€ [0] [32mconsole[0m::[32mlog[0m("CapTable implementation deployed at:", CapTable: [0x5C1CE1D82624Fb2dA765bDFFf40125B5c552A8f1])[33m [staticcall][0m
    â”‚   â””â”€ [32mâ† [0m()
    â”œâ”€ [0] [34mVM[0m::[34mstopBroadcast[0m()[33m[0m
    â”‚   â””â”€ [34mâ† [0m()
    â”œâ”€ [0] [34mVM[0m::[34mstartBroadcast[0m(<pk>)[33m[0m
    â”‚   â””â”€ [34mâ† [0m()
    â”œâ”€ [1020719] [33mâ†’ [0m[33mnew[0m CapTableFactory@0x4F5EB336941Cb7599528c0f53b073124D97B7b96
    â”‚   â”œâ”€ emit [36mOwnershipTransferred[0m(previousOwner: 0x0000000000000000000000000000000000000000, newOwner: 0xef22FA887723A493b2A4bCCA1d6e6FB39dD3dCF6)
    â”‚   â”œâ”€ [203044] [33mâ†’ [0m[33mnew[0m UpgradeableBeacon@0x2A06dB188ed62e704f591566387161eF08DafEbB
    â”‚   â”‚   â”œâ”€ emit [36mOwnershipTransferred[0m(previousOwner: 0x0000000000000000000000000000000000000000, newOwner: CapTableFactory: [0x4F5EB336941Cb7599528c0f53b073124D97B7b96])
    â”‚   â”‚   â””â”€ [32mâ† [0m783 bytes of code
    â”‚   â””â”€ [32mâ† [0m3582 bytes of code
    â”œâ”€ [0] [32mconsole[0m::[32mlog[0m("CapTableFactory deployed at:", CapTableFactory: [0x4F5EB336941Cb7599528c0f53b073124D97B7b96])[33m [staticcall][0m
    â”‚   â””â”€ [32mâ† [0m()
    â”œâ”€ [0] [34mVM[0m::[34mstopBroadcast[0m()[33m[0m
    â”‚   â””â”€ [34mâ† [0m()
    â””â”€ [32mâ† [0m()


[32mScript ran successfully.[0m

== Logs ==
  Upgrading CapTableFactory with CapTable implementation
  Deploying CapTableFactory and CapTable implementation
  CapTable implementation deployed at: 0x5C1CE1D82624Fb2dA765bDFFf40125B5c552A8f1
  CapTableFactory deployed at: 0x4F5EB336941Cb7599528c0f53b073124D97B7b96

## Setting up 1 EVM.
==========================
Simulated On-chain Traces:

  [433093] [33mâ†’ [0m[33mnew[0m Adjustment@0xFDb553097628aB607013ba99D0CbF1ed44685186
    â””â”€ [32mâ† [0m2163 bytes of code

  [205073] [33mâ†’ [0m[33mnew[0m DeleteContext@0x54183d720fECBe9BA547A44a56062c67831Ef1F5
    â””â”€ [32mâ† [0m1024 bytes of code

  [2299886] [33mâ†’ [0m[33mnew[0m StockLib@0xa414C3E55C65Ebf3098BeF8498BC82172001666a
    â””â”€ [32mâ† [0m11487 bytes of code

  [4479062] [33mâ†’ [0m[33mnew[0m CapTable@0x5C1CE1D82624Fb2dA765bDFFf40125B5c552A8f1
    â”œâ”€ emit [36mInitialized[0m(version: 255)
    â””â”€ [32mâ† [0m22252 bytes of code

  [1023219] [33mâ†’ [0m[33mnew[0m CapTableFactory@0x4F5EB336941Cb7599528c0f53b073124D97B7b96
    â”œâ”€ emit [36mOwnershipTransferred[0m(previousOwner: 0x0000000000000000000000000000000000000000, newOwner: 0xef22FA887723A493b2A4bCCA1d6e6FB39dD3dCF6)
    â”œâ”€ [205544] [33mâ†’ [0m[33mnew[0m UpgradeableBeacon@0x2A06dB188ed62e704f591566387161eF08DafEbB
    â”‚   â”œâ”€ emit [36mOwnershipTransferred[0m(previousOwner: 0x0000000000000000000000000000000000000000, newOwner: CapTableFactory: [0x4F5EB336941Cb7599528c0f53b073124D97B7b96])
    â”‚   â””â”€ [32mâ† [0m783 bytes of code
    â””â”€ [32mâ† [0m3582 bytes of code


==========================

Chain 11155420

Estimated gas price: 3.00000071 gwei

Estimated total gas used for script: 12181238

Estimated amount required: 0.03654372264867898 ETH

==========================

###
Finding wallets for all the necessary addresses...
##
Sending transactions [0 - 4].

Transactions saved to: /Users/kentkolze/projects/plural-tap-cap-table/chain/broadcast/CapTableFactory.s.sol/11155420/run-latest.json

Sensitive values saved to: /Users/kentkolze/projects/plural-tap-cap-table/chain/cache/CapTableFactory.s.sol/11155420/run-latest.json

##
Waiting for receipts.

##### optimism-sepolia
âœ…  [Success]Hash: 0x7f4b2bd79e208ea5067a475532954ee9d5f5db886793ac4b5db71f1c07456ed1
Contract Address: 0xFDb553097628aB607013ba99D0CbF1ed44685186
Block: 12263013
Paid: 0.00156181518429417 ETH (520605 gas * 3.000000354 gwei)


##### optimism-sepolia
âœ…  [Success]Hash: 0x56b42ea112a1514c94caade790f68592e581f2e1fc0ee70fcf24c9ea5998fea3
Contract Address: 0x54183d720fECBe9BA547A44a56062c67831Ef1F5
Block: 12263013
Paid: 0.000823659097191762 ETH (274553 gas * 3.000000354 gwei)


##### optimism-sepolia
âœ…  [Success]Hash: 0xa8e6de20efc6b7e3c08c34adb1c87209e499c6ca741afc62b894f8be7714ae8f
Contract Address: 0xa414C3E55C65Ebf3098BeF8498BC82172001666a
Block: 12263013
Paid: 0.007603428897204504 ETH (2534476 gas * 3.000000354 gwei)


##### optimism-sepolia
âœ…  [Success]Hash: 0xfb5dff83610f2cb1fd0ab6a7856e1d1e1d0863fa6ab6ba477e23b89120789fb0
Contract Address: 0x5C1CE1D82624Fb2dA765bDFFf40125B5c552A8f1
Block: 12263013
Paid: 0.014661193730020656 ETH (4887064 gas * 3.000000354 gwei)


##### optimism-sepolia
âœ…  [Success]Hash: 0xefd2ad56bbb52c2b38d1eadf3e7c1d8c6a88e389a05a4be4c619e77cdcc6904a
Contract Address: 0x4F5EB336941Cb7599528c0f53b073124D97B7b96
Block: 12263013
Paid: 0.00346867540930365 ETH (1156225 gas * 3.000000354 gwei)


Transactions saved to: /Users/kentkolze/projects/plural-tap-cap-table/chain/broadcast/CapTableFactory.s.sol/11155420/run-latest.json

Sensitive values saved to: /Users/kentkolze/projects/plural-tap-cap-table/chain/cache/CapTableFactory.s.sol/11155420/run-latest.json



==========================

ONCHAIN EXECUTION COMPLETE & SUCCESSFUL.
Total Paid: 0.028118772318014742 ETH (9372923 gas * avg 3.000000354 gwei)

Transactions saved to: /Users/kentkolze/projects/plural-tap-cap-table/chain/broadcast/CapTableFactory.s.sol/11155420/run-latest.json

Sensitive values saved to: /Users/kentkolze/projects/plural-tap-cap-table/chain/cache/CapTableFactory.s.sol/11155420/run-latest.json

